18:46:36 **** Build of project rc_copter_bsp ****
make -k all 
libgen -hw ../zed_hw_platform/system.xml\
	       \
	       -pe ps7_cortexa9_0 \
	       -log libgen.log \
	       system.mss
libgen
Xilinx EDK 14.6 Build EDK_P.68d
Copyright (c) 1995-2012 Xilinx, Inc.  All rights reserved.

Command Line: libgen -hw ../zed_hw_platform/system.xml -pe ps7_cortexa9_0 -log
libgen.log system.mss 


Staging source files.
Running DRCs.
Running generate.
Running post_generate.
Running include - 'gmake -s include "COMPILER=arm-xilinx-eabi-gcc"
"ARCHIVER=arm-xilinx-eabi-ar" "COMPILER_FLAGS= -O2 -c"
"EXTRA_COMPILER_FLAGS=-g"'.

Running libs - 'gmake -s libs "COMPILER=arm-xilinx-eabi-gcc"
"ARCHIVER=arm-xilinx-eabi-ar" "COMPILER_FLAGS= -O2 -c"
"EXTRA_COMPILER_FLAGS=-g"'.
Compiling xadc
arm-xilinx-eabi-ar: creating ../../../lib/libxil.a
Compiling standalone
Compiling devcfg
Compiling dmaps
Compiling emacps
Compiling gpiops
Compiling qspips
Compiling scugic
Compiling scutimer
Compiling scuwdt
Compiling ttcps
Compiling uartps
Compiling usbps
Compiling cpu_cortexa9
Running execs_generate.
Finished building libraries

18:47:17 Build Finished (took 41s.183ms)

